<?xml version="1.0" encoding="UTF-8" ?>
<testsuite errors="0" failures="0" hostname="BDC8-L-39DTWQ1" name="training.TestMyWebPage" skipped="0" tests="1" time="18.938" timestamp="2015-02-11T04:10:30">
  <properties>
[...]
</properties>
  <testcase classname="training.TestMyWebPage" name="testmyPage" time="18.716" />
  <system-out><![CDATA[Welcome!
]]></system-out>
  <system-err><![CDATA[Started InternetExplorerDriver server (32-bit)
2.28.0.0
Listening on port 38007
]]></system-err>
</testsuite>
